<html>
<body>
<pre>
<h1>Vision Build Log</h1>
<h2>Tool Versions:</h2>
IDE-Version: μVision V5.36.0.0
Copyright (C) 2021 ARM Ltd and ARM Germany GmbH. All rights reserved.
License Information: 123 123, 123, LIC=QFHV2-90F3J-YIF5X-HP46F-E0BQN-08NAR
 
Tool Versions:
Toolchain:       PK51 Prof. Developers Kit  Version: 9.60.0.0
Toolchain Path:  D:\APP\keil5\C51\BIN
C Compiler:      C51.exe V9.60.0.0
Assembler:       A51.exe V8.2.7.0
Linker/Locator:  BL51.exe V6.22.2.0
Library Manager: LIB51.exe V4.30.1.0
Hex Converter:   OH51.exe V2.7.0.0
CPU DLL:         S8051.DLL V3.122.0.0
Dialog DLL:      DP51.DLL V2.67.0.0 
<h2>Project:</h2>
D:\Programming Language\C51\蓝桥杯真题\第八届\初赛\Project.uvproj
Project File Date:  04/06/2022

<h2>Output:</h2>
Build target 'Target 1'
compiling main.c...
main.c(319): error C141: syntax error near 'void', expected '__asm'
main.c(320): error C141: syntax error near '{', expected ';'
main.c(401): error C141: syntax error near 'void', expected '__asm'
main.c(402): error C141: syntax error near '{', expected ';'
main.c(423): error C141: syntax error near '', expected '__asm'
Target not created.
Build Time Elapsed:  00:00:00
</pre>
</body>
</html>
